Arguments: 
  /Users/christopherm/.nvm/versions/node/v10.16.3/bin/node /Users/christopherm/.nvm/versions/node/v10.16.3/bin/yarn run start

PATH: 
  /Users/christopherm/.nvm/versions/node/v10.16.3/bin:/usr/local/bin:/usr/bin:/bin:/usr/sbin:/sbin:/Library/Apple/usr/bin:/Library/Apple/bin

Yarn version: 
  1.19.1

Node version: 
  10.16.3

Platform: 
  darwin x64

Trace: 
  SyntaxError: /Users/christopherm/Projekte/layout-debug/layout-debug-plugin/package.json: Unexpected token } in JSON at position 299
      at JSON.parse (<anonymous>)
      at /Users/christopherm/.nvm/versions/node/v10.16.3/lib/node_modules/yarn/lib/cli.js:1625:59
      at Generator.next (<anonymous>)
      at step (/Users/christopherm/.nvm/versions/node/v10.16.3/lib/node_modules/yarn/lib/cli.js:304:30)
      at /Users/christopherm/.nvm/versions/node/v10.16.3/lib/node_modules/yarn/lib/cli.js:315:13

npm manifest: 
  {
    "name": "layout-debug-plugin",
    "version": "0.0.1",
    "main": "main.js",
    "repository": "https://github.com/Chrisser73/layout-debug-plugin",
    "author": "Christopher Matthes",
    "license": "MIT",
    "private": null,
    "dependencies": {},
    "scripts": {
      "build-project": "node main.js"
    },
  }

yarn manifest: 
  No manifest

Lockfile: 
  # THIS IS AN AUTOGENERATED FILE. DO NOT EDIT THIS FILE DIRECTLY.
  # yarn lockfile v1
